04.03.2022 12:25:25 [main] INFO  by.minevich.bstu.main.Main - Начало программы.
04.03.2022 12:25:25 [main] INFO  by.minevich.bstu.main.Main - Набор в компанию выполнен.
04.03.2022 12:25:25 [main] INFO  by.minevich.bstu.main.Main - Поиск совершён.
04.03.2022 12:25:25 [main] INFO  by.minevich.bstu.main.Main - Список отсортирован.
04.03.2022 12:25:25 [main] INFO  by.minevich.bstu.main.Main - XML сериализован.
04.03.2022 12:25:25 [main] INFO  by.minevich.bstu.main.Main - XML десериализован.
04.03.2022 12:25:25 [main] INFO  by.minevich.bstu.main.Main - JSON сериализован.
04.03.2022 12:25:25 [main] INFO  by.minevich.bstu.main.Main - JSON десериализован.
04.03.2022 12:25:25 [main] INFO  by.minevich.bstu.main.Main - Stream API.
04.03.2022 12:25:25 [main] INFO  by.minevich.bstu.main.Main - SAX.
04.03.2022 12:25:25 [main] INFO  by.minevich.bstu.main.Main - Финальный блок (выполняется в любом случае).

04.03.2022 12:26:18 [main] INFO  by.minevich.bstu.main.Main - Начало программы.
04.03.2022 12:26:18 [main] INFO  by.minevich.bstu.main.Main - Набор в компанию выполнен.
04.03.2022 12:26:18 [main] INFO  by.minevich.bstu.main.Main - Поиск совершён.
04.03.2022 12:26:18 [main] INFO  by.minevich.bstu.main.Main - Список отсортирован.
04.03.2022 12:26:19 [main] INFO  by.minevich.bstu.main.Main - XML сериализован.
04.03.2022 12:26:19 [main] INFO  by.minevich.bstu.main.Main - XML десериализован.
04.03.2022 12:26:19 [main] INFO  by.minevich.bstu.main.Main - JSON сериализован.
04.03.2022 12:26:19 [main] INFO  by.minevich.bstu.main.Main - JSON десериализован.
04.03.2022 12:26:19 [main] INFO  by.minevich.bstu.main.Main - Stream API.
04.03.2022 12:26:19 [main] INFO  by.minevich.bstu.main.Main - SAX.
04.03.2022 12:26:19 [main] INFO  by.minevich.bstu.main.Main - Финальный блок (выполняется в любом случае).

04.03.2022 14:46:01 [main] INFO  by.minevich.bstu.main.Main - Начало программы.
04.03.2022 14:46:01 [main] INFO  by.minevich.bstu.main.Main - Набор в компанию выполнен.
04.03.2022 14:46:01 [main] INFO  by.minevich.bstu.main.Main - Поиск совершён.
04.03.2022 14:46:01 [main] INFO  by.minevich.bstu.main.Main - Список отсортирован.
04.03.2022 14:46:01 [main] INFO  by.minevich.bstu.main.Main - XML сериализован.
04.03.2022 14:46:01 [main] INFO  by.minevich.bstu.main.Main - XML десериализован.
04.03.2022 14:46:01 [main] INFO  by.minevich.bstu.main.Main - JSON сериализован.
04.03.2022 14:46:01 [main] INFO  by.minevich.bstu.main.Main - JSON десериализован.
04.03.2022 14:46:01 [main] INFO  by.minevich.bstu.main.Main - Stream API.
04.03.2022 14:46:01 [main] INFO  by.minevich.bstu.main.Main - SAX.
04.03.2022 14:46:01 [main] INFO  by.minevich.bstu.main.Main - Финальный блок (выполняется в любом случае).

04.03.2022 14:54:17 [main] INFO  by.minevich.bstu.main.Main - Начало программы.
04.03.2022 14:54:17 [main] INFO  by.minevich.bstu.main.Main - Набор в компанию выполнен.
04.03.2022 14:54:17 [main] INFO  by.minevich.bstu.main.Main - Поиск совершён.
04.03.2022 14:54:17 [main] INFO  by.minevich.bstu.main.Main - Список отсортирован.
04.03.2022 14:54:17 [main] INFO  by.minevich.bstu.main.Main - XML сериализован.
04.03.2022 14:54:17 [main] INFO  by.minevich.bstu.main.Main - XML десериализован.
04.03.2022 14:54:17 [main] INFO  by.minevich.bstu.main.Main - JSON сериализован.
04.03.2022 14:54:17 [main] INFO  by.minevich.bstu.main.Main - JSON десериализован.
04.03.2022 14:54:17 [main] INFO  by.minevich.bstu.main.Main - Stream API.
04.03.2022 14:54:17 [main] INFO  by.minevich.bstu.main.Main - SAX.
04.03.2022 14:54:17 [main] INFO  by.minevich.bstu.main.Main - Финальный блок (выполняется в любом случае).

