04.03.2022 14:48:58 [main] INFO  by.minevich.bstu.main.Main - Начало программы.
04.03.2022 14:48:58 [main] INFO  by.minevich.bstu.main.Main - Набор в компанию выполнен.
04.03.2022 14:48:58 [main] INFO  by.minevich.bstu.main.Main - Поиск совершён.
04.03.2022 14:48:58 [main] INFO  by.minevich.bstu.main.Main - Список отсортирован.
04.03.2022 14:48:58 [main] INFO  by.minevich.bstu.main.Main - XML сериализован.
04.03.2022 14:48:58 [main] INFO  by.minevich.bstu.main.Main - XML десериализован.
04.03.2022 14:48:58 [main] INFO  by.minevich.bstu.main.Main - JSON сериализован.
04.03.2022 14:48:58 [main] INFO  by.minevich.bstu.main.Main - JSON десериализован.
04.03.2022 14:48:58 [main] INFO  by.minevich.bstu.main.Main - Stream API.
04.03.2022 14:48:58 [main] INFO  by.minevich.bstu.main.Main - SAX.
04.03.2022 14:48:58 [main] INFO  by.minevich.bstu.main.Main - Финальный блок (выполняется в любом случае).

04.03.2022 14:52:34 [main] INFO  by.minevich.bstu.main.Main - Начало программы.
04.03.2022 14:52:34 [main] INFO  by.minevich.bstu.main.Main - Набор в компанию выполнен.
04.03.2022 14:52:34 [main] INFO  by.minevich.bstu.main.Main - Поиск совершён.
04.03.2022 14:52:34 [main] INFO  by.minevich.bstu.main.Main - Список отсортирован.
04.03.2022 14:52:34 [main] INFO  by.minevich.bstu.main.Main - XML сериализован.
04.03.2022 14:52:34 [main] INFO  by.minevich.bstu.main.Main - XML десериализован.
04.03.2022 14:52:35 [main] INFO  by.minevich.bstu.main.Main - JSON сериализован.
04.03.2022 14:52:35 [main] INFO  by.minevich.bstu.main.Main - JSON десериализован.
04.03.2022 14:52:35 [main] INFO  by.minevich.bstu.main.Main - Stream API.
04.03.2022 14:52:35 [main] INFO  by.minevich.bstu.main.Main - SAX.
04.03.2022 14:52:35 [main] INFO  by.minevich.bstu.main.Main - Финальный блок (выполняется в любом случае).

